This is pdfTeX, Version 3.141592653-2.6-1.40.22 (TeX Live 2022/dev/Debian) (preloaded format=pdflatex 2023.5.11)  20 MAY 2023 12:17
entering extended mode
 restricted \write18 enabled.
 file:line:error style messages enabled.
 %&-line parsing enabled.
**/home/thomas/Bureau/Cloud/projet-cloud/rapport/rapport.tex
(/home/thomas/Bureau/Cloud/projet-cloud/rapport/rapport.tex
LaTeX2e <2021-11-15> patch level 1
L3 programming layer <2022-01-21> (/usr/share/texlive/texmf-dist/tex/latex/base/report.cls
Document Class: report 2021/10/04 v1.4n Standard LaTeX document class
(/usr/share/texlive/texmf-dist/tex/latex/base/size10.clo
File: size10.clo 2021/10/04 v1.4n Standard LaTeX file (size option)
)
\c@part=\count185
\c@chapter=\count186
\c@section=\count187
\c@subsection=\count188
\c@subsubsection=\count189
\c@paragraph=\count190
\c@subparagraph=\count191
\c@figure=\count192
\c@table=\count193
\abovecaptionskip=\skip47
\belowcaptionskip=\skip48
\bibindent=\dimen138
) (/usr/share/texlive/texmf-dist/tex/latex/l3backend/l3backend-pdftex.def
File: l3backend-pdftex.def 2022-01-12 L3 backend support: PDF output (pdfTeX)
\l__color_backend_stack_int=\count194
\l__pdf_internal_box=\box50
) (./rapport.aux)
\openout1 = `rapport.aux'.

LaTeX Font Info:    Checking defaults for OML/cmm/m/it on input line 3.
LaTeX Font Info:    ... okay on input line 3.
LaTeX Font Info:    Checking defaults for OMS/cmsy/m/n on input line 3.
LaTeX Font Info:    ... okay on input line 3.
LaTeX Font Info:    Checking defaults for OT1/cmr/m/n on input line 3.
LaTeX Font Info:    ... okay on input line 3.
LaTeX Font Info:    Checking defaults for T1/cmr/m/n on input line 3.
LaTeX Font Info:    ... okay on input line 3.
LaTeX Font Info:    Checking defaults for TS1/cmr/m/n on input line 3.
LaTeX Font Info:    ... okay on input line 3.
LaTeX Font Info:    Checking defaults for OMX/cmex/m/n on input line 3.
LaTeX Font Info:    ... okay on input line 3.
LaTeX Font Info:    Checking defaults for U/cmr/m/n on input line 3.
LaTeX Font Info:    ... okay on input line 3.
 [1

{/var/lib/texmf/fonts/map/pdftex/updmap/pdftex.map}] (./rapport.toc
LaTeX Font Info:    External font `cmex10' loaded for size
(Font)              <7> on input line 2.
LaTeX Font Info:    External font `cmex10' loaded for size
(Font)              <5> on input line 2.
)
\tf@toc=\write3
\openout3 = `rapport.toc'.

 [1

]
Chapter 1.

Overfull \hbox (6.08385pt too wide) in paragraph at lines 38--41
\OT1/cmr/m/n/10 Vous trou-verez dans ce rap-port un r^^Sesum^^Se de toutes les com-man-des et d^^Seploiments
 []

[2

]
Chapter 2.
[3

]
Chapter 3.
[4

]
Chapter 4.

Overfull \hbox (2.72415pt too wide) in paragraph at lines 90--91
[]\OT1/cmtt/m/n/10 launch[]borie.sh \OT1/cmr/m/n/10 : per-met de re-con-fig-urer enti^^Rerement la ma-chine virtuelle
 []


Overfull \hbox (64.72388pt too wide) in paragraph at lines 93--94
\OT1/cmr/m/n/10 com-mande \OT1/cmtt/m/n/10 nomad job run projet-cloud-virt/conf[]nomad[]consul/conf-nomad.hcl\OT1/cmr/m/n/10 ,
 []

[5

]
Chapter 5.

Overfull \hbox (10.30565pt too wide) in paragraph at lines 103--104
\OT1/cmr/m/n/10 Nous avons r^^Secup^^Ser^^Se la con-fig-u-ra-tion Con-sul d^^Sej^^Ra pr^^Sesente dans le dossier \OT1/cmtt/m/n/10 consul.d
 []


Overfull \hbox (6.38905pt too wide) in paragraph at lines 122--123
\OT1/cmr/m/n/10 Nous avons r^^Secup^^Ser^^Se la con-fig-u-ra-tion No-mad d^^Sej^^Ra pr^^Sesente dans le dossier \OT1/cmtt/m/n/10 nomad.d
 []

[6

] [7]
Chapter 6.
[8

]
Chapter 7.
[9

]
Chapter 8.
[10

] (./rapport.aux) ) 
Here is how much of TeX's memory you used:
 454 strings out of 478287
 8129 string characters out of 5849289
 302878 words of memory out of 5000000
 18723 multiletter control sequences out of 15000+600000
 472185 words of font info for 38 fonts, out of 8000000 for 9000
 1141 hyphenation exceptions out of 8191
 34i,5n,38p,710b,155s stack positions out of 5000i,500n,10000p,200000b,80000s
{/usr/share/texmf/fonts/enc/dvips/cm-super/cm-super-ts1.enc}</usr/share/texlive/texmf-dist/fonts/type1/public/amsfonts/cm/cmbx10.pfb></usr/share/texlive/texmf-dist/fonts/type1/public/amsfonts/cm/cmbx12.pfb></usr/share/texlive/texmf-dist/fonts/type1/public/amsfonts/cm/cmr10.pfb></usr/share/texlive/texmf-dist/fonts/type1/public/amsfonts/cm/cmr12.pfb></usr/share/texlive/texmf-dist/fonts/type1/public/amsfonts/cm/cmtt10.pfb></usr/share/texmf/fonts/type1/public/cm-super/sfrm1000.pfb>
Output written on rapport.pdf (11 pages, 105701 bytes).
PDF statistics:
 71 PDF objects out of 1000 (max. 8388607)
 45 compressed objects within 1 object stream
 0 named destinations out of 1000 (max. 500000)
 1 words of extra memory for PDF output out of 10000 (max. 10000000)

